
[31/03/2018 23:00:48] 1522537248
[31/03/2018 23:00:48] 
[31/03/2018 23:00:48] *** INICIO Script build_debitos_thread.php ***
[31/03/2018 23:00:48] 
[31/03/2018 23:00:48] Arquivo de Log: log/build_debitos_thread.php_20180331_230048.log
[31/03/2018 23:00:48]     Script PHP: build_debitos_thread.php
[31/03/2018 23:00:48] 
[31/03/2018 23:00:48] Criando conexao(oes) com banco de dados
[31/03/2018 23:00:48] 1522537248
[31/03/2018 23:00:48] 
[31/03/2018 23:00:48] *** INICIO Script build_debitos_thread.php ***
[31/03/2018 23:00:48] 
[31/03/2018 23:00:48] Arquivo de Log: log/build_debitos_thread.php_20180331_230048.log
[31/03/2018 23:00:48]     Script PHP: build_debitos_thread.php
[31/03/2018 23:00:48] 
[31/03/2018 23:00:48] Criando conexao(oes) com banco de dados
[31/03/2018 23:00:48] 
[31/03/2018 23:00:48] 
[31/03/2018 23:00:48] Verificando existencia da tabela caixa.debitos_20180331_1_processa ...
[31/03/2018 23:00:48] Verificando se ja existe geracao da debitos para data 2018-03-31 e instituicao 1 ...
[31/03/2018 23:00:48] Verificando existencia da tabela caixa.debitos_20180331_1_processa ...
[31/03/2018 23:00:48] Verificando se ja existe geracao da debitos para data 2018-03-31 e instituicao 1 ...
[31/03/2018 23:00:48] Nao existe geracao da debitos para data 2018-03-31 e instituicao 1 ...
[31/03/2018 23:00:48] Criando tabela caixa.debitos_20180331_1_processa ...
[31/03/2018 23:00:48] Nao existe geracao da debitos para data 2018-03-31 e instituicao 1 ...
[31/03/2018 23:00:48] Criando tabela caixa.debitos_20180331_1_processa ...
[31/03/2018 23:00:48] Carregando NUMPRES para popular a tabela caixa.debitos_20180331_1_processa ...
[31/03/2018 23:00:48] ERRO: db_query - DEBUG BACKTRACE:
array (
  0 => 
  array (
    'file' => '/var/www/html/e-cidade/integracao_externa/debitos/lib/build_debitos.php',
    'line' => 151,
    'function' => 'db_query',
    'args' => 
    array (
      0 => NULL,
      1 => '
		SELECT fc_putsession(\'blocos_gera_debitos\', \'1000\');

		SET random_page_cost TO 2;
		SET seq_page_cost    TO 1;

		SELECT fc_putsession(\'min_numpre\', min(k00_numpre)::text),
		       fc_putsession(\'max_numpre\', max(k00_numpre)::text),
		       fc_putsession(\'count_numpre\', (max(k00_numpre)-min(k00_numpre)+1)::text)
		  FROM arreinstit
		       NATURAL JOIN arrecad 
		 WHERE k00_instit = 1;

		BEGIN;

		CREATE TABLE caixa.debitos_20180331_1_processa (
			sequencial            INTEGER  , 
			numpre_ini            INTEGER  , 
			numpre_fim            INTEGER  , 
			registros_processados INTEGER  , 
			status                TEXT     , 
			inicio                TIMESTAMP, 
			fim                   TIMESTAMP, 
			observacoes           TEXT     
		);',
      2 => 'log/build_debitos_thread.php_20180331_230048.log',
    ),
  ),
  1 => 
  array (
    'file' => '/var/www/html/e-cidade/integracao_externa/debitos/build_debitos_thread.php',
    'line' => 144,
    'function' => 'build_debitos_processa',
    'args' => 
    array (
      0 => NULL,
      1 => 'log/build_debitos_thread.php_20180331_230048.log',
      2 => 'caixa.debitos_20180331_1_processa',
      3 => '1',
      4 => 1000,
    ),
  ),
)
[31/03/2018 23:00:48] ERRO: PostgreSQL (last)   - ERROR:  duplicate key value violates unique constraint "pg_type_typname_nsp_index"
DETAIL:  Key (typname, typnamespace)=(debitos_20180331_1_processa, 23348446) already exists.

[31/03/2018 23:00:48] Tabela caixa.debitos_20180331_1_processa gerada...
[31/03/2018 23:00:48] Verificando existencia da tabela caixa.debitos_20180331_1 ...
[31/03/2018 23:00:48] Criando particao caixa.debitos_20180331_1 da tabela debitos ...
[31/03/2018 23:00:48] Criando indices da tabela debitos na particao caixa.debitos_20180331_1 ...
[31/03/2018 23:00:48] Criando constraints da tabela debitos na particao caixa.debitos_20180331_1 ...
[31/03/2018 23:00:48] Carregando lotes a serem processados (data="2018-03-31" instit="1" where="1=1" threads="1")
[31/03/2018 23:00:49] Atualizando estatisticas da tabela caixa.debitos_20180331_1 ...
[31/03/2018 23:00:49] Inicio: 23:00:48
[31/03/2018 23:00:49] Final.: 23:00:49
[31/03/2018 23:00:49] 
[31/03/2018 23:00:49] *** FINAL Script build_debitos_thread.php ***
[31/03/2018 23:00:49] 