
[16/02/2018 23:00:50] 1518822050
[16/02/2018 23:00:50] 
[16/02/2018 23:00:50] *** INICIO Script build_debitos_thread.php ***
[16/02/2018 23:00:50] 
[16/02/2018 23:00:50] Arquivo de Log: log/build_debitos_thread.php_20180216_230050.log
[16/02/2018 23:00:50]     Script PHP: build_debitos_thread.php
[16/02/2018 23:00:50] 
[16/02/2018 23:00:50] 1518822050
[16/02/2018 23:00:50] 
[16/02/2018 23:00:50] *** INICIO Script build_debitos_thread.php ***
[16/02/2018 23:00:50] 
[16/02/2018 23:00:50] Arquivo de Log: log/build_debitos_thread.php_20180216_230050.log
[16/02/2018 23:00:50]     Script PHP: build_debitos_thread.php
[16/02/2018 23:00:50] 
[16/02/2018 23:00:50] Criando conexao(oes) com banco de dados
[16/02/2018 23:00:50] Criando conexao(oes) com banco de dados
[16/02/2018 23:00:50] 
[16/02/2018 23:00:50] 
[16/02/2018 23:00:50] Verificando existencia da tabela caixa.debitos_20180216_1_processa ...
[16/02/2018 23:00:50] Verificando existencia da tabela caixa.debitos_20180216_1_processa ...
[16/02/2018 23:00:50] Verificando se ja existe geracao da debitos para data 2018-02-16 e instituicao 1 ...
[16/02/2018 23:00:50] Verificando se ja existe geracao da debitos para data 2018-02-16 e instituicao 1 ...
[16/02/2018 23:00:50] Abortando geracao pois ja existe para data 2018-02-16 e instituicao 1 ...
[16/02/2018 23:00:50] Abortando geracao pois ja existe para data 2018-02-16 e instituicao 1 ...
[16/02/2018 23:00:50] Inicio: 23:00:50
[16/02/2018 23:00:50] Final.: 23:00:50
[16/02/2018 23:00:50] 
[16/02/2018 23:00:50] *** FINAL Script build_debitos_thread.php ***
[16/02/2018 23:00:50] 
[16/02/2018 23:00:50] Inicio: 23:00:50
[16/02/2018 23:00:50] Final.: 23:00:50
[16/02/2018 23:00:50] 
[16/02/2018 23:00:50] *** FINAL Script build_debitos_thread.php ***
[16/02/2018 23:00:50] 