
[18/05/2018 23:01:59] 1526684519
[18/05/2018 23:01:59] 
[18/05/2018 23:01:59] *** INICIO Script build_debitos_thread.php ***
[18/05/2018 23:01:59] 
[18/05/2018 23:01:59] Arquivo de Log: log/build_debitos_thread.php_20180518_230159.log
[18/05/2018 23:01:59]     Script PHP: build_debitos_thread.php
[18/05/2018 23:01:59] 
[18/05/2018 23:01:59] Criando conexao(oes) com banco de dados
[18/05/2018 23:01:59] 
[18/05/2018 23:01:59] Verificando existencia da tabela caixa.debitos_20180518_1_processa ...
[18/05/2018 23:01:59] Verificando se ja existe geracao da debitos para data 2018-05-18 e instituicao 1 ...
[18/05/2018 23:01:59] Nao existe geracao da debitos para data 2018-05-18 e instituicao 1 ...
[18/05/2018 23:01:59] Criando tabela caixa.debitos_20180518_1_processa ...
[18/05/2018 23:01:59] Carregando NUMPRES para popular a tabela caixa.debitos_20180518_1_processa ...
[18/05/2018 23:01:59] Tabela caixa.debitos_20180518_1_processa gerada...
[18/05/2018 23:01:59] Verificando existencia da tabela caixa.debitos_20180518_1 ...
[18/05/2018 23:01:59] Criando particao caixa.debitos_20180518_1 da tabela debitos ...
[18/05/2018 23:01:59] Criando indices da tabela debitos na particao caixa.debitos_20180518_1 ...
[18/05/2018 23:01:59] Criando constraints da tabela debitos na particao caixa.debitos_20180518_1 ...
[18/05/2018 23:01:59] Carregando lotes a serem processados (data="2018-05-18" instit="1" where="1=1" threads="1")
[18/05/2018 23:02:00] Atualizando estatisticas da tabela caixa.debitos_20180518_1 ...
[18/05/2018 23:02:01] Inicio: 23:01:59
[18/05/2018 23:02:01] Final.: 23:02:01
[18/05/2018 23:02:01] 
[18/05/2018 23:02:01] *** FINAL Script build_debitos_thread.php ***
[18/05/2018 23:02:01] 