
[06/04/2018 23:00:51] 1523055651
[06/04/2018 23:00:51] 
[06/04/2018 23:00:51] *** INICIO Script build_debitos_thread.php ***
[06/04/2018 23:00:51] 
[06/04/2018 23:00:51] Arquivo de Log: log/build_debitos_thread.php_20180406_230051.log
[06/04/2018 23:00:51]     Script PHP: build_debitos_thread.php
[06/04/2018 23:00:51] 
[06/04/2018 23:00:51] Criando conexao(oes) com banco de dados
[06/04/2018 23:00:51] 
[06/04/2018 23:00:51] Verificando existencia da tabela caixa.debitos_20180406_1_processa ...
[06/04/2018 23:00:51] Verificando se ja existe geracao da debitos para data 2018-04-06 e instituicao 1 ...
[06/04/2018 23:00:51] Nao existe geracao da debitos para data 2018-04-06 e instituicao 1 ...
[06/04/2018 23:00:51] Criando tabela caixa.debitos_20180406_1_processa ...
[06/04/2018 23:00:51] Carregando NUMPRES para popular a tabela caixa.debitos_20180406_1_processa ...
[06/04/2018 23:00:51] Tabela caixa.debitos_20180406_1_processa gerada...
[06/04/2018 23:00:51] Verificando existencia da tabela caixa.debitos_20180406_1 ...
[06/04/2018 23:00:51] Criando particao caixa.debitos_20180406_1 da tabela debitos ...
[06/04/2018 23:00:51] Criando indices da tabela debitos na particao caixa.debitos_20180406_1 ...
[06/04/2018 23:00:51] Criando constraints da tabela debitos na particao caixa.debitos_20180406_1 ...
[06/04/2018 23:00:51] Carregando lotes a serem processados (data="2018-04-06" instit="1" where="1=1" threads="1")
[06/04/2018 23:00:53] Atualizando estatisticas da tabela caixa.debitos_20180406_1 ...
[06/04/2018 23:00:53] Inicio: 23:00:51
[06/04/2018 23:00:53] Final.: 23:00:53
[06/04/2018 23:00:53] 
[06/04/2018 23:00:53] *** FINAL Script build_debitos_thread.php ***
[06/04/2018 23:00:53] 