
[13/04/2018 02:22:08] 1523586128
[13/04/2018 02:22:08] 
[13/04/2018 02:22:08] *** INICIO Script build_debitos_thread.php ***
[13/04/2018 02:22:08] 
[13/04/2018 02:22:08] Arquivo de Log: log/build_debitos_thread.php_20180413_022208.log
[13/04/2018 02:22:08]     Script PHP: build_debitos_thread.php
[13/04/2018 02:22:08] 
[13/04/2018 02:22:08] Criando conexao(oes) com banco de dados
[13/04/2018 02:22:08] 
[13/04/2018 02:22:08] Verificando existencia da tabela caixa.debitos_20180413_1_processa ...
[13/04/2018 02:22:08] Verificando se ja existe geracao da debitos para data 2018-04-13 e instituicao 1 ...
[13/04/2018 02:22:08] Nao existe geracao da debitos para data 2018-04-13 e instituicao 1 ...
[13/04/2018 02:22:08] Criando tabela caixa.debitos_20180413_1_processa ...
[13/04/2018 02:22:08] Carregando NUMPRES para popular a tabela caixa.debitos_20180413_1_processa ...
[13/04/2018 02:22:08] Tabela caixa.debitos_20180413_1_processa gerada...
[13/04/2018 02:22:08] Verificando existencia da tabela caixa.debitos_20180413_1 ...
[13/04/2018 02:22:08] Criando particao caixa.debitos_20180413_1 da tabela debitos ...
[13/04/2018 02:22:08] Criando indices da tabela debitos na particao caixa.debitos_20180413_1 ...
[13/04/2018 02:22:08] Criando constraints da tabela debitos na particao caixa.debitos_20180413_1 ...
[13/04/2018 02:22:08] Carregando lotes a serem processados (data="2018-04-13" instit="1" where="1=1" threads="1")
[13/04/2018 02:22:09] Atualizando estatisticas da tabela caixa.debitos_20180413_1 ...
[13/04/2018 02:22:09] Inicio: 02:22:08
[13/04/2018 02:22:09] Final.: 02:22:09
[13/04/2018 02:22:09] 
[13/04/2018 02:22:09] *** FINAL Script build_debitos_thread.php ***
[13/04/2018 02:22:09] 