
[02/03/2018 13:20:09] 1519996809
[02/03/2018 13:20:09] 
[02/03/2018 13:20:09] *** INICIO Script build_debitos_thread.php ***
[02/03/2018 13:20:09] 
[02/03/2018 13:20:09] Arquivo de Log: log/build_debitos_thread.php_20180302_132009.log
[02/03/2018 13:20:09]     Script PHP: build_debitos_thread.php
[02/03/2018 13:20:09] 
[02/03/2018 13:20:10] Criando conexao(oes) com banco de dados
[02/03/2018 13:20:10] 
[02/03/2018 13:20:10] Verificando existencia da tabela caixa.debitos_20180302_1_processa ...
[02/03/2018 13:20:10] Verificando se ja existe geracao da debitos para data 2018-03-02 e instituicao 1 ...
[02/03/2018 13:20:10] Nao existe geracao da debitos para data 2018-03-02 e instituicao 1 ...
[02/03/2018 13:20:10] Criando tabela caixa.debitos_20180302_1_processa ...
[02/03/2018 13:20:10] Carregando NUMPRES para popular a tabela caixa.debitos_20180302_1_processa ...
[02/03/2018 13:20:10] Tabela caixa.debitos_20180302_1_processa gerada...
[02/03/2018 13:20:10] Verificando existencia da tabela caixa.debitos_20180302_1 ...
[02/03/2018 13:20:10] Criando particao caixa.debitos_20180302_1 da tabela debitos ...
[02/03/2018 13:20:10] Criando indices da tabela debitos na particao caixa.debitos_20180302_1 ...
[02/03/2018 13:20:10] Criando constraints da tabela debitos na particao caixa.debitos_20180302_1 ...
[02/03/2018 13:20:10] Carregando lotes a serem processados (data="2018-03-02" instit="1" where="1=1" threads="1")
[02/03/2018 13:20:11] Atualizando estatisticas da tabela caixa.debitos_20180302_1 ...
[02/03/2018 13:20:11] Inicio: 13:20:09
[02/03/2018 13:20:11] Final.: 13:20:11
[02/03/2018 13:20:11] 
[02/03/2018 13:20:11] *** FINAL Script build_debitos_thread.php ***
[02/03/2018 13:20:11] 