
[01/06/2018 23:02:01] 1527894121
[01/06/2018 23:02:01] 
[01/06/2018 23:02:01] *** INICIO Script build_debitos_thread.php ***
[01/06/2018 23:02:01] 
[01/06/2018 23:02:01] Arquivo de Log: log/build_debitos_thread.php_20180601_230201.log
[01/06/2018 23:02:01]     Script PHP: build_debitos_thread.php
[01/06/2018 23:02:01] 
[01/06/2018 23:02:01] Criando conexao(oes) com banco de dados
[01/06/2018 23:02:01] 
[01/06/2018 23:02:01] Verificando existencia da tabela caixa.debitos_20180601_1_processa ...
[01/06/2018 23:02:01] Verificando se ja existe geracao da debitos para data 2018-06-01 e instituicao 1 ...
[01/06/2018 23:02:01] Nao existe geracao da debitos para data 2018-06-01 e instituicao 1 ...
[01/06/2018 23:02:01] Criando tabela caixa.debitos_20180601_1_processa ...
[01/06/2018 23:02:01] Carregando NUMPRES para popular a tabela caixa.debitos_20180601_1_processa ...
[01/06/2018 23:02:01] Tabela caixa.debitos_20180601_1_processa gerada...
[01/06/2018 23:02:01] Verificando existencia da tabela caixa.debitos_20180601_1 ...
[01/06/2018 23:02:01] Criando particao caixa.debitos_20180601_1 da tabela debitos ...
[01/06/2018 23:02:01] Criando indices da tabela debitos na particao caixa.debitos_20180601_1 ...
[01/06/2018 23:02:01] Criando constraints da tabela debitos na particao caixa.debitos_20180601_1 ...
[01/06/2018 23:02:01] Carregando lotes a serem processados (data="2018-06-01" instit="1" where="1=1" threads="1")
[01/06/2018 23:02:01] Atualizando estatisticas da tabela caixa.debitos_20180601_1 ...
[01/06/2018 23:02:01] Inicio: 23:02:01
[01/06/2018 23:02:01] Final.: 23:02:01
[01/06/2018 23:02:01] 
[01/06/2018 23:02:01] *** FINAL Script build_debitos_thread.php ***
[01/06/2018 23:02:01] 