
[20/04/2018 23:00:50] 1524265250
[20/04/2018 23:00:50] 
[20/04/2018 23:00:50] *** INICIO Script build_debitos_thread.php ***
[20/04/2018 23:00:50] 
[20/04/2018 23:00:50] Arquivo de Log: log/build_debitos_thread.php_20180420_230050.log
[20/04/2018 23:00:50]     Script PHP: build_debitos_thread.php
[20/04/2018 23:00:50] 
[20/04/2018 23:00:50] Criando conexao(oes) com banco de dados
[20/04/2018 23:00:50] 
[20/04/2018 23:00:50] Verificando existencia da tabela caixa.debitos_20180420_1_processa ...
[20/04/2018 23:00:50] Verificando se ja existe geracao da debitos para data 2018-04-20 e instituicao 1 ...
[20/04/2018 23:00:50] Nao existe geracao da debitos para data 2018-04-20 e instituicao 1 ...
[20/04/2018 23:00:50] Criando tabela caixa.debitos_20180420_1_processa ...
[20/04/2018 23:00:50] Carregando NUMPRES para popular a tabela caixa.debitos_20180420_1_processa ...
[20/04/2018 23:00:50] Tabela caixa.debitos_20180420_1_processa gerada...
[20/04/2018 23:00:50] Verificando existencia da tabela caixa.debitos_20180420_1 ...
[20/04/2018 23:00:50] Criando particao caixa.debitos_20180420_1 da tabela debitos ...
[20/04/2018 23:00:51] Criando indices da tabela debitos na particao caixa.debitos_20180420_1 ...
[20/04/2018 23:00:51] Criando constraints da tabela debitos na particao caixa.debitos_20180420_1 ...
[20/04/2018 23:00:51] Carregando lotes a serem processados (data="2018-04-20" instit="1" where="1=1" threads="1")
[20/04/2018 23:00:52] Atualizando estatisticas da tabela caixa.debitos_20180420_1 ...
[20/04/2018 23:00:52] Inicio: 23:00:50
[20/04/2018 23:00:52] Final.: 23:00:52
[20/04/2018 23:00:52] 
[20/04/2018 23:00:52] *** FINAL Script build_debitos_thread.php ***
[20/04/2018 23:00:52] 