
[09/02/2018 23:00:51] 1518217251
[09/02/2018 23:00:51] 
[09/02/2018 23:00:51] *** INICIO Script build_debitos_thread.php ***
[09/02/2018 23:00:51] 
[09/02/2018 23:00:51] Arquivo de Log: log/build_debitos_thread.php_20180209_230051.log
[09/02/2018 23:00:51]     Script PHP: build_debitos_thread.php
[09/02/2018 23:00:51] 
[09/02/2018 23:00:51] Criando conexao(oes) com banco de dados
[09/02/2018 23:00:51] 1518217251
[09/02/2018 23:00:51] 
[09/02/2018 23:00:51] *** INICIO Script build_debitos_thread.php ***
[09/02/2018 23:00:51] 
[09/02/2018 23:00:51] Arquivo de Log: log/build_debitos_thread.php_20180209_230051.log
[09/02/2018 23:00:51]     Script PHP: build_debitos_thread.php
[09/02/2018 23:00:51] 
[09/02/2018 23:00:51] Criando conexao(oes) com banco de dados
[09/02/2018 23:00:51] 
[09/02/2018 23:00:51] 
[09/02/2018 23:00:51] Verificando existencia da tabela caixa.debitos_20180209_1_processa ...
[09/02/2018 23:00:51] Verificando existencia da tabela caixa.debitos_20180209_1_processa ...
[09/02/2018 23:00:51] Verificando se ja existe geracao da debitos para data 2018-02-09 e instituicao 1 ...
[09/02/2018 23:00:51] Verificando se ja existe geracao da debitos para data 2018-02-09 e instituicao 1 ...
[09/02/2018 23:00:51] Abortando geracao pois ja existe para data 2018-02-09 e instituicao 1 ...
[09/02/2018 23:00:51] Inicio: 23:00:51
[09/02/2018 23:00:51] Final.: 23:00:51
[09/02/2018 23:00:51] 
[09/02/2018 23:00:51] *** FINAL Script build_debitos_thread.php ***
[09/02/2018 23:00:51] 
[09/02/2018 23:00:51] Abortando geracao pois ja existe para data 2018-02-09 e instituicao 1 ...
[09/02/2018 23:00:51] Inicio: 23:00:51
[09/02/2018 23:00:51] Final.: 23:00:51
[09/02/2018 23:00:51] 
[09/02/2018 23:00:51] *** FINAL Script build_debitos_thread.php ***
[09/02/2018 23:00:51] 