
[09/02/2018 02:50:21] 1518144621
[09/02/2018 02:50:21] 
[09/02/2018 02:50:21] *** INICIO Script build_debitos_thread.php ***
[09/02/2018 02:50:21] 
[09/02/2018 02:50:21] Arquivo de Log: log/build_debitos_thread.php_20180209_025021.log
[09/02/2018 02:50:21]     Script PHP: build_debitos_thread.php
[09/02/2018 02:50:21] 
[09/02/2018 02:50:21] Criando conexao(oes) com banco de dados
[09/02/2018 02:50:21] 
[09/02/2018 02:50:21] Verificando existencia da tabela caixa.debitos_20180209_1_processa ...
[09/02/2018 02:50:21] Verificando se ja existe geracao da debitos para data 2018-02-09 e instituicao 1 ...
[09/02/2018 02:50:21] Nao existe geracao da debitos para data 2018-02-09 e instituicao 1 ...
[09/02/2018 02:50:21] Criando tabela caixa.debitos_20180209_1_processa ...
[09/02/2018 02:50:22] Carregando NUMPRES para popular a tabela caixa.debitos_20180209_1_processa ...
[09/02/2018 02:50:22] Tabela caixa.debitos_20180209_1_processa gerada...
[09/02/2018 02:50:22] Verificando existencia da tabela caixa.debitos_20180209_1 ...
[09/02/2018 02:50:22] Criando particao caixa.debitos_20180209_1 da tabela debitos ...
[09/02/2018 02:50:22] Criando indices da tabela debitos na particao caixa.debitos_20180209_1 ...
[09/02/2018 02:50:22] Criando constraints da tabela debitos na particao caixa.debitos_20180209_1 ...
[09/02/2018 02:50:22] Carregando lotes a serem processados (data="2018-02-09" instit="1" where="1=1" threads="1")
[09/02/2018 02:50:23] Atualizando estatisticas da tabela caixa.debitos_20180209_1 ...
[09/02/2018 02:50:23] Inicio: 02:50:21
[09/02/2018 02:50:23] Final.: 02:50:23
[09/02/2018 02:50:23] 
[09/02/2018 02:50:23] *** FINAL Script build_debitos_thread.php ***
[09/02/2018 02:50:23] 