
[11/05/2018 11:53:15] 1526039595
[11/05/2018 11:53:15] 
[11/05/2018 11:53:15] *** INICIO Script build_debitos_thread.php ***
[11/05/2018 11:53:15] 
[11/05/2018 11:53:15] Arquivo de Log: log/build_debitos_thread.php_20180511_115315.log
[11/05/2018 11:53:15]     Script PHP: build_debitos_thread.php
[11/05/2018 11:53:15] 
[11/05/2018 11:53:15] Criando conexao(oes) com banco de dados
[11/05/2018 11:53:15] 
[11/05/2018 11:53:15] Verificando existencia da tabela caixa.debitos_20180511_1_processa ...
[11/05/2018 11:53:15] Verificando se ja existe geracao da debitos para data 2018-05-11 e instituicao 1 ...
[11/05/2018 11:53:15] Nao existe geracao da debitos para data 2018-05-11 e instituicao 1 ...
[11/05/2018 11:53:15] Criando tabela caixa.debitos_20180511_1_processa ...
[11/05/2018 11:53:15] Carregando NUMPRES para popular a tabela caixa.debitos_20180511_1_processa ...
[11/05/2018 11:53:15] Tabela caixa.debitos_20180511_1_processa gerada...
[11/05/2018 11:53:15] Verificando existencia da tabela caixa.debitos_20180511_1 ...
[11/05/2018 11:53:15] Criando particao caixa.debitos_20180511_1 da tabela debitos ...
[11/05/2018 11:53:15] Criando indices da tabela debitos na particao caixa.debitos_20180511_1 ...
[11/05/2018 11:53:15] Criando constraints da tabela debitos na particao caixa.debitos_20180511_1 ...
[11/05/2018 11:53:15] Carregando lotes a serem processados (data="2018-05-11" instit="1" where="1=1" threads="1")
[11/05/2018 11:53:16] Atualizando estatisticas da tabela caixa.debitos_20180511_1 ...
[11/05/2018 11:53:16] Inicio: 11:53:15
[11/05/2018 11:53:16] Final.: 11:53:16
[11/05/2018 11:53:16] 
[11/05/2018 11:53:16] *** FINAL Script build_debitos_thread.php ***
[11/05/2018 11:53:16] 