
[16/02/2018 21:38:26] 1518817106
[16/02/2018 21:38:26] 
[16/02/2018 21:38:26] *** INICIO Script build_debitos_thread.php ***
[16/02/2018 21:38:26] 
[16/02/2018 21:38:26] Arquivo de Log: log/build_debitos_thread.php_20180216_213826.log
[16/02/2018 21:38:26]     Script PHP: build_debitos_thread.php
[16/02/2018 21:38:26] 
[16/02/2018 21:38:26] Criando conexao(oes) com banco de dados
[16/02/2018 21:38:26] 
[16/02/2018 21:38:26] Verificando existencia da tabela caixa.debitos_20180216_1_processa ...
[16/02/2018 21:38:26] Verificando se ja existe geracao da debitos para data 2018-02-16 e instituicao 1 ...
[16/02/2018 21:38:26] Nao existe geracao da debitos para data 2018-02-16 e instituicao 1 ...
[16/02/2018 21:38:26] Criando tabela caixa.debitos_20180216_1_processa ...
[16/02/2018 21:38:26] Carregando NUMPRES para popular a tabela caixa.debitos_20180216_1_processa ...
[16/02/2018 21:38:26] Tabela caixa.debitos_20180216_1_processa gerada...
[16/02/2018 21:38:26] Verificando existencia da tabela caixa.debitos_20180216_1 ...
[16/02/2018 21:38:26] Criando particao caixa.debitos_20180216_1 da tabela debitos ...
[16/02/2018 21:38:26] Criando indices da tabela debitos na particao caixa.debitos_20180216_1 ...
[16/02/2018 21:38:26] Criando constraints da tabela debitos na particao caixa.debitos_20180216_1 ...
[16/02/2018 21:38:26] Carregando lotes a serem processados (data="2018-02-16" instit="1" where="1=1" threads="1")
[16/02/2018 21:38:27] Atualizando estatisticas da tabela caixa.debitos_20180216_1 ...
[16/02/2018 21:38:27] Inicio: 21:38:26
[16/02/2018 21:38:27] Final.: 21:38:27
[16/02/2018 21:38:27] 
[16/02/2018 21:38:27] *** FINAL Script build_debitos_thread.php ***
[16/02/2018 21:38:27] 