
[27/04/2018 13:22:35] 1524835355
[27/04/2018 13:22:35] 
[27/04/2018 13:22:35] *** INICIO Script build_debitos_thread.php ***
[27/04/2018 13:22:35] 
[27/04/2018 13:22:35] Arquivo de Log: log/build_debitos_thread.php_20180427_132235.log
[27/04/2018 13:22:35]     Script PHP: build_debitos_thread.php
[27/04/2018 13:22:35] 
[27/04/2018 13:22:35] Criando conexao(oes) com banco de dados
[27/04/2018 13:22:35] 
[27/04/2018 13:22:36] Verificando existencia da tabela caixa.debitos_20180427_1_processa ...
[27/04/2018 13:22:36] Verificando se ja existe geracao da debitos para data 2018-04-27 e instituicao 1 ...
[27/04/2018 13:22:36] Nao existe geracao da debitos para data 2018-04-27 e instituicao 1 ...
[27/04/2018 13:22:36] Criando tabela caixa.debitos_20180427_1_processa ...
[27/04/2018 13:22:36] Carregando NUMPRES para popular a tabela caixa.debitos_20180427_1_processa ...
[27/04/2018 13:22:36] Tabela caixa.debitos_20180427_1_processa gerada...
[27/04/2018 13:22:36] Verificando existencia da tabela caixa.debitos_20180427_1 ...
[27/04/2018 13:22:36] Criando particao caixa.debitos_20180427_1 da tabela debitos ...
[27/04/2018 13:22:36] Criando indices da tabela debitos na particao caixa.debitos_20180427_1 ...
[27/04/2018 13:22:36] Criando constraints da tabela debitos na particao caixa.debitos_20180427_1 ...
[27/04/2018 13:22:36] Carregando lotes a serem processados (data="2018-04-27" instit="1" where="1=1" threads="1")
[27/04/2018 13:22:37] Atualizando estatisticas da tabela caixa.debitos_20180427_1 ...
[27/04/2018 13:22:37] Inicio: 13:22:35
[27/04/2018 13:22:37] Final.: 13:22:37
[27/04/2018 13:22:37] 
[27/04/2018 13:22:37] *** FINAL Script build_debitos_thread.php ***
[27/04/2018 13:22:37] 