
[25/05/2018 23:02:00] 1527289320
[25/05/2018 23:02:00] 
[25/05/2018 23:02:00] *** INICIO Script build_debitos_thread.php ***
[25/05/2018 23:02:00] 
[25/05/2018 23:02:00] Arquivo de Log: log/build_debitos_thread.php_20180525_230200.log
[25/05/2018 23:02:00]     Script PHP: build_debitos_thread.php
[25/05/2018 23:02:00] 
[25/05/2018 23:02:00] Criando conexao(oes) com banco de dados
[25/05/2018 23:02:00] 
[25/05/2018 23:02:00] Verificando existencia da tabela caixa.debitos_20180525_1_processa ...
[25/05/2018 23:02:00] Verificando se ja existe geracao da debitos para data 2018-05-25 e instituicao 1 ...
[25/05/2018 23:02:00] Nao existe geracao da debitos para data 2018-05-25 e instituicao 1 ...
[25/05/2018 23:02:00] Criando tabela caixa.debitos_20180525_1_processa ...
[25/05/2018 23:02:00] Carregando NUMPRES para popular a tabela caixa.debitos_20180525_1_processa ...
[25/05/2018 23:02:00] Tabela caixa.debitos_20180525_1_processa gerada...
[25/05/2018 23:02:00] Verificando existencia da tabela caixa.debitos_20180525_1 ...
[25/05/2018 23:02:00] Criando particao caixa.debitos_20180525_1 da tabela debitos ...
[25/05/2018 23:02:00] Criando indices da tabela debitos na particao caixa.debitos_20180525_1 ...
[25/05/2018 23:02:01] Criando constraints da tabela debitos na particao caixa.debitos_20180525_1 ...
[25/05/2018 23:02:01] Carregando lotes a serem processados (data="2018-05-25" instit="1" where="1=1" threads="1")
[25/05/2018 23:02:01] Atualizando estatisticas da tabela caixa.debitos_20180525_1 ...
[25/05/2018 23:02:01] Inicio: 23:02:00
[25/05/2018 23:02:01] Final.: 23:02:01
[25/05/2018 23:02:01] 
[25/05/2018 23:02:01] *** FINAL Script build_debitos_thread.php ***
[25/05/2018 23:02:01] 