
[23/03/2018 23:00:48] 1521846048
[23/03/2018 23:00:48] 
[23/03/2018 23:00:48] *** INICIO Script build_debitos_thread.php ***
[23/03/2018 23:00:48] 
[23/03/2018 23:00:48] Arquivo de Log: log/build_debitos_thread.php_20180323_230048.log
[23/03/2018 23:00:48]     Script PHP: build_debitos_thread.php
[23/03/2018 23:00:48] 
[23/03/2018 23:00:48] Criando conexao(oes) com banco de dados
[23/03/2018 23:00:48] 
[23/03/2018 23:00:48] Verificando existencia da tabela caixa.debitos_20180323_1_processa ...
[23/03/2018 23:00:48] Verificando se ja existe geracao da debitos para data 2018-03-23 e instituicao 1 ...
[23/03/2018 23:00:48] Nao existe geracao da debitos para data 2018-03-23 e instituicao 1 ...
[23/03/2018 23:00:48] Criando tabela caixa.debitos_20180323_1_processa ...
[23/03/2018 23:00:48] Carregando NUMPRES para popular a tabela caixa.debitos_20180323_1_processa ...
[23/03/2018 23:00:48] Tabela caixa.debitos_20180323_1_processa gerada...
[23/03/2018 23:00:48] Verificando existencia da tabela caixa.debitos_20180323_1 ...
[23/03/2018 23:00:48] Criando particao caixa.debitos_20180323_1 da tabela debitos ...
[23/03/2018 23:00:48] Criando indices da tabela debitos na particao caixa.debitos_20180323_1 ...
[23/03/2018 23:00:48] Criando constraints da tabela debitos na particao caixa.debitos_20180323_1 ...
[23/03/2018 23:00:48] Carregando lotes a serem processados (data="2018-03-23" instit="1" where="1=1" threads="1")
[23/03/2018 23:00:49] Atualizando estatisticas da tabela caixa.debitos_20180323_1 ...
[23/03/2018 23:00:49] Inicio: 23:00:48
[23/03/2018 23:00:49] Final.: 23:00:49
[23/03/2018 23:00:49] 
[23/03/2018 23:00:49] *** FINAL Script build_debitos_thread.php ***
[23/03/2018 23:00:49] 