
[31/05/2018 23:02:02] 1527807722
[31/05/2018 23:02:02] 
[31/05/2018 23:02:02] *** INICIO Script build_debitos_thread.php ***
[31/05/2018 23:02:02] 
[31/05/2018 23:02:02] Arquivo de Log: log/build_debitos_thread.php_20180531_230202.log
[31/05/2018 23:02:02]     Script PHP: build_debitos_thread.php
[31/05/2018 23:02:02] 
[31/05/2018 23:02:02] Criando conexao(oes) com banco de dados
[31/05/2018 23:02:03] 
[31/05/2018 23:02:03] Verificando existencia da tabela caixa.debitos_20180531_1_processa ...
[31/05/2018 23:02:03] Verificando se ja existe geracao da debitos para data 2018-05-31 e instituicao 1 ...
[31/05/2018 23:02:03] Nao existe geracao da debitos para data 2018-05-31 e instituicao 1 ...
[31/05/2018 23:02:03] Criando tabela caixa.debitos_20180531_1_processa ...
[31/05/2018 23:02:03] Carregando NUMPRES para popular a tabela caixa.debitos_20180531_1_processa ...
[31/05/2018 23:02:03] Tabela caixa.debitos_20180531_1_processa gerada...
[31/05/2018 23:02:03] Verificando existencia da tabela caixa.debitos_20180531_1 ...
[31/05/2018 23:02:03] Criando particao caixa.debitos_20180531_1 da tabela debitos ...
[31/05/2018 23:02:03] Criando indices da tabela debitos na particao caixa.debitos_20180531_1 ...
[31/05/2018 23:02:03] Criando constraints da tabela debitos na particao caixa.debitos_20180531_1 ...
[31/05/2018 23:02:03] Carregando lotes a serem processados (data="2018-05-31" instit="1" where="1=1" threads="1")
[31/05/2018 23:02:04] Atualizando estatisticas da tabela caixa.debitos_20180531_1 ...
[31/05/2018 23:02:04] Inicio: 23:02:02
[31/05/2018 23:02:04] Final.: 23:02:04
[31/05/2018 23:02:04] 
[31/05/2018 23:02:04] *** FINAL Script build_debitos_thread.php ***
[31/05/2018 23:02:04] 