
[16/02/2018 21:48:48] 1518817728
[16/02/2018 21:48:48] 
[16/02/2018 21:48:48] *** INICIO Script cleanup_debitos.php ***
[16/02/2018 21:48:48] 
[16/02/2018 21:48:48] Arquivo de Log: log/cleanup_debitos.php_20180216_214848.log
[16/02/2018 21:48:48]     Script PHP: cleanup_debitos.php
[16/02/2018 21:48:48] 
[16/02/2018 21:48:48] Criando conexao(oes) com banco de dados
[16/02/2018 21:48:48] 
[16/02/2018 21:48:48] Carregando particoes para realizar limpeza (instit = 1, diasmanterdebitos = 90)
[16/02/2018 21:48:48] 
[16/02/2018 21:48:48] Nenhuma particao encontrada para execucao da limpeza ...
[16/02/2018 21:48:48] 
[16/02/2018 21:48:48] Finalizando limpeza ...
[16/02/2018 21:48:48] 
[16/02/2018 21:48:48] Inicio: 21:48:48
[16/02/2018 21:48:48] Final.: 21:48:48
[16/02/2018 21:48:48] 
[16/02/2018 21:48:48] *** FINAL Script cleanup_debitos.php ***
[16/02/2018 21:48:48] 