
[28/02/2018 23:00:49] 1519858849
[28/02/2018 23:00:49] 
[28/02/2018 23:00:49] *** INICIO Script cleanup_debitos.php ***
[28/02/2018 23:00:49] 
[28/02/2018 23:00:49] Arquivo de Log: log/cleanup_debitos.php_20180228_230049.log
[28/02/2018 23:00:49]     Script PHP: cleanup_debitos.php
[28/02/2018 23:00:49] 
[28/02/2018 23:00:49] Criando conexao(oes) com banco de dados
[28/02/2018 23:00:49] 
[28/02/2018 23:00:49] Carregando particoes para realizar limpeza (instit = 1, diasmanterdebitos = 90)
[28/02/2018 23:00:49] 
[28/02/2018 23:00:49] Nenhuma particao encontrada para execucao da limpeza ...
[28/02/2018 23:00:49] 
[28/02/2018 23:00:49] Finalizando limpeza ...
[28/02/2018 23:00:49] 
[28/02/2018 23:00:49] Inicio: 23:00:49
[28/02/2018 23:00:49] Final.: 23:00:49
[28/02/2018 23:00:49] 
[28/02/2018 23:00:49] *** FINAL Script cleanup_debitos.php ***
[28/02/2018 23:00:49] 