
[18/05/2018 23:02:01] 1526684521
[18/05/2018 23:02:01] 
[18/05/2018 23:02:01] *** INICIO Script cleanup_debitos.php ***
[18/05/2018 23:02:01] 
[18/05/2018 23:02:01] Arquivo de Log: log/cleanup_debitos.php_20180518_230201.log
[18/05/2018 23:02:01]     Script PHP: cleanup_debitos.php
[18/05/2018 23:02:01] 
[18/05/2018 23:02:01] Criando conexao(oes) com banco de dados
[18/05/2018 23:02:01] 
[18/05/2018 23:02:01] Carregando particoes para realizar limpeza (instit = 1, diasmanterdebitos = 90)
[18/05/2018 23:02:01] 
[18/05/2018 23:02:01] Processando limpeza 1/1 - particao debitos_20180209_1...
[18/05/2018 23:02:01] > nao existe(m) lista(s) gerada(s) para essa particao... REMOVENDO particao debitos_20180209_1...
[18/05/2018 23:02:01] Finalizando limpeza ...
[18/05/2018 23:02:01] 
[18/05/2018 23:02:01] Inicio: 23:02:01
[18/05/2018 23:02:01] Final.: 23:02:01
[18/05/2018 23:02:01] 
[18/05/2018 23:02:01] *** FINAL Script cleanup_debitos.php ***
[18/05/2018 23:02:01] 