
[02/03/2018 23:02:07] 1520031727
[02/03/2018 23:02:07] 
[02/03/2018 23:02:07] *** INICIO Script cleanup_debitos.php ***
[02/03/2018 23:02:07] 
[02/03/2018 23:02:07] Arquivo de Log: log/cleanup_debitos.php_20180302_230207.log
[02/03/2018 23:02:07]     Script PHP: cleanup_debitos.php
[02/03/2018 23:02:07] 
[02/03/2018 23:02:07] Criando conexao(oes) com banco de dados
[02/03/2018 23:02:07] 
[02/03/2018 23:02:07] Carregando particoes para realizar limpeza (instit = 1, diasmanterdebitos = 90)
[02/03/2018 23:02:07] 
[02/03/2018 23:02:07] Nenhuma particao encontrada para execucao da limpeza ...
[02/03/2018 23:02:07] 
[02/03/2018 23:02:07] Finalizando limpeza ...
[02/03/2018 23:02:07] 
[02/03/2018 23:02:07] Inicio: 23:02:07
[02/03/2018 23:02:07] Final.: 23:02:07
[02/03/2018 23:02:07] 
[02/03/2018 23:02:07] *** FINAL Script cleanup_debitos.php ***
[02/03/2018 23:02:07] 