
[04/05/2018 23:02:10] 1525474930
[04/05/2018 23:02:10] 
[04/05/2018 23:02:10] *** INICIO Script cleanup_debitos.php ***
[04/05/2018 23:02:10] 
[04/05/2018 23:02:10] Arquivo de Log: log/cleanup_debitos.php_20180504_230210.log
[04/05/2018 23:02:10]     Script PHP: cleanup_debitos.php
[04/05/2018 23:02:10] 
[04/05/2018 23:02:10] Criando conexao(oes) com banco de dados
[04/05/2018 23:02:10] 
[04/05/2018 23:02:10] Carregando particoes para realizar limpeza (instit = 1, diasmanterdebitos = 90)
[04/05/2018 23:02:10] 
[04/05/2018 23:02:10] Nenhuma particao encontrada para execucao da limpeza ...
[04/05/2018 23:02:10] 
[04/05/2018 23:02:10] Finalizando limpeza ...
[04/05/2018 23:02:10] 
[04/05/2018 23:02:10] Inicio: 23:02:10
[04/05/2018 23:02:10] Final.: 23:02:10
[04/05/2018 23:02:10] 
[04/05/2018 23:02:10] *** FINAL Script cleanup_debitos.php ***
[04/05/2018 23:02:10] 