
[16/03/2018 23:02:11] 1521241331
[16/03/2018 23:02:11] 
[16/03/2018 23:02:11] *** INICIO Script cleanup_debitos.php ***
[16/03/2018 23:02:11] 
[16/03/2018 23:02:11] Arquivo de Log: log/cleanup_debitos.php_20180316_230211.log
[16/03/2018 23:02:11]     Script PHP: cleanup_debitos.php
[16/03/2018 23:02:11] 
[16/03/2018 23:02:11] Criando conexao(oes) com banco de dados
[16/03/2018 23:02:11] 
[16/03/2018 23:02:11] Carregando particoes para realizar limpeza (instit = 1, diasmanterdebitos = 90)
[16/03/2018 23:02:11] 
[16/03/2018 23:02:11] Nenhuma particao encontrada para execucao da limpeza ...
[16/03/2018 23:02:11] 
[16/03/2018 23:02:11] Finalizando limpeza ...
[16/03/2018 23:02:11] 
[16/03/2018 23:02:11] Inicio: 23:02:11
[16/03/2018 23:02:11] Final.: 23:02:11
[16/03/2018 23:02:11] 
[16/03/2018 23:02:11] *** FINAL Script cleanup_debitos.php ***
[16/03/2018 23:02:11] 